15-Feb-2019 10:37:54.992 警告 [main] org.apache.catalina.core.AprLifecycleListener.init The APR based Apache Tomcat Native library failed to load. The error reported was [F:\TomcatTest\Nginx\apache-tomcat-81\bin\tcnative-1.dll: Can't load AMD 64-bit .dll on a IA 32-bit platform]
 java.lang.UnsatisfiedLinkError: F:\TomcatTest\Nginx\apache-tomcat-81\bin\tcnative-1.dll: Can't load AMD 64-bit .dll on a IA 32-bit platform
	at java.lang.ClassLoader$NativeLibrary.load(Native Method)
	at java.lang.ClassLoader.loadLibrary0(ClassLoader.java:1941)
	at java.lang.ClassLoader.loadLibrary(ClassLoader.java:1857)
	at java.lang.Runtime.loadLibrary0(Runtime.java:870)
	at java.lang.System.loadLibrary(System.java:1122)
	at org.apache.tomcat.jni.Library.<init>(Library.java:42)
	at org.apache.tomcat.jni.Library.initialize(Library.java:178)
	at org.apache.catalina.core.AprLifecycleListener.init(AprLifecycleListener.java:198)
	at org.apache.catalina.core.AprLifecycleListener.isAprAvailable(AprLifecycleListener.java:107)
	at org.apache.catalina.connector.Connector.setProtocol(Connector.java:582)
	at org.apache.catalina.connector.Connector.<init>(Connector.java:74)
	at org.apache.catalina.startup.ConnectorCreateRule.begin(ConnectorCreateRule.java:64)
	at org.apache.tomcat.util.digester.Digester.startElement(Digester.java:1253)
	at com.sun.org.apache.xerces.internal.parsers.AbstractSAXParser.startElement(AbstractSAXParser.java:509)
	at com.sun.org.apache.xerces.internal.parsers.AbstractXMLDocumentParser.emptyElement(AbstractXMLDocumentParser.java:182)
	at com.sun.org.apache.xerces.internal.impl.XMLDocumentFragmentScannerImpl.scanStartElement(XMLDocumentFragmentScannerImpl.java:1339)
	at com.sun.org.apache.xerces.internal.impl.XMLDocumentFragmentScannerImpl$FragmentContentDriver.next(XMLDocumentFragmentScannerImpl.java:2784)
	at com.sun.org.apache.xerces.internal.impl.XMLDocumentScannerImpl.next(XMLDocumentScannerImpl.java:602)
	at com.sun.org.apache.xerces.internal.impl.XMLDocumentFragmentScannerImpl.scanDocument(XMLDocumentFragmentScannerImpl.java:505)
	at com.sun.org.apache.xerces.internal.parsers.XML11Configuration.parse(XML11Configuration.java:842)
	at com.sun.org.apache.xerces.internal.parsers.XML11Configuration.parse(XML11Configuration.java:771)
	at com.sun.org.apache.xerces.internal.parsers.XMLParser.parse(XMLParser.java:141)
	at com.sun.org.apache.xerces.internal.parsers.AbstractSAXParser.parse(AbstractSAXParser.java:1213)
	at com.sun.org.apache.xerces.internal.jaxp.SAXParserImpl$JAXPSAXParser.parse(SAXParserImpl.java:643)
	at org.apache.tomcat.util.digester.Digester.parse(Digester.java:1521)
	at org.apache.catalina.startup.Catalina.load(Catalina.java:604)
	at org.apache.catalina.startup.Catalina.load(Catalina.java:655)
	at sun.reflect.NativeMethodAccessorImpl.invoke0(Native Method)
	at sun.reflect.NativeMethodAccessorImpl.invoke(NativeMethodAccessorImpl.java:62)
	at sun.reflect.DelegatingMethodAccessorImpl.invoke(DelegatingMethodAccessorImpl.java:43)
	at java.lang.reflect.Method.invoke(Method.java:498)
	at org.apache.catalina.startup.Bootstrap.load(Bootstrap.java:309)
	at org.apache.catalina.startup.Bootstrap.main(Bootstrap.java:492)

15-Feb-2019 10:37:55.371 信息 [main] org.apache.catalina.startup.VersionLoggerListener.log Server version:        Apache Tomcat/8.5.31
15-Feb-2019 10:37:55.375 信息 [main] org.apache.catalina.startup.VersionLoggerListener.log Server built:          Apr 27 2018 20:24:25 UTC
15-Feb-2019 10:37:55.376 信息 [main] org.apache.catalina.startup.VersionLoggerListener.log Server number:         8.5.31.0
15-Feb-2019 10:37:55.378 信息 [main] org.apache.catalina.startup.VersionLoggerListener.log OS Name:               Windows 7
15-Feb-2019 10:37:55.380 信息 [main] org.apache.catalina.startup.VersionLoggerListener.log OS Version:            6.1
15-Feb-2019 10:37:55.382 信息 [main] org.apache.catalina.startup.VersionLoggerListener.log Architecture:          x86
15-Feb-2019 10:37:55.383 信息 [main] org.apache.catalina.startup.VersionLoggerListener.log Java Home:             C:\Program Files (x86)\Java\jdk1.8.0_181\jre
15-Feb-2019 10:37:55.383 信息 [main] org.apache.catalina.startup.VersionLoggerListener.log JVM Version:           1.8.0_181-b13
15-Feb-2019 10:37:55.384 信息 [main] org.apache.catalina.startup.VersionLoggerListener.log JVM Vendor:            Oracle Corporation
15-Feb-2019 10:37:55.385 信息 [main] org.apache.catalina.startup.VersionLoggerListener.log CATALINA_BASE:         F:\TomcatTest\Nginx\apache-tomcat-81
15-Feb-2019 10:37:55.386 信息 [main] org.apache.catalina.startup.VersionLoggerListener.log CATALINA_HOME:         F:\TomcatTest\Nginx\apache-tomcat-81
15-Feb-2019 10:37:55.387 信息 [main] org.apache.catalina.startup.VersionLoggerListener.log Command line argument: -Djava.util.logging.config.file=F:\TomcatTest\Nginx\apache-tomcat-81\conf\logging.properties
15-Feb-2019 10:37:55.388 信息 [main] org.apache.catalina.startup.VersionLoggerListener.log Command line argument: -Djava.util.logging.manager=org.apache.juli.ClassLoaderLogManager
15-Feb-2019 10:37:55.389 信息 [main] org.apache.catalina.startup.VersionLoggerListener.log Command line argument: -Djdk.tls.ephemeralDHKeySize=2048
15-Feb-2019 10:37:55.389 信息 [main] org.apache.catalina.startup.VersionLoggerListener.log Command line argument: -Djava.protocol.handler.pkgs=org.apache.catalina.webresources
15-Feb-2019 10:37:55.390 信息 [main] org.apache.catalina.startup.VersionLoggerListener.log Command line argument: -Dignore.endorsed.dirs=
15-Feb-2019 10:37:55.391 信息 [main] org.apache.catalina.startup.VersionLoggerListener.log Command line argument: -Dcatalina.base=F:\TomcatTest\Nginx\apache-tomcat-81
15-Feb-2019 10:37:55.393 信息 [main] org.apache.catalina.startup.VersionLoggerListener.log Command line argument: -Dcatalina.home=F:\TomcatTest\Nginx\apache-tomcat-81
15-Feb-2019 10:37:55.395 信息 [main] org.apache.catalina.startup.VersionLoggerListener.log Command line argument: -Djava.io.tmpdir=F:\TomcatTest\Nginx\apache-tomcat-81\temp
15-Feb-2019 10:37:55.585 信息 [main] org.apache.coyote.AbstractProtocol.init Initializing ProtocolHandler ["http-nio-8081"]
15-Feb-2019 10:37:55.706 信息 [main] org.apache.tomcat.util.net.NioSelectorPool.getSharedSelector Using a shared selector for servlet write/read
15-Feb-2019 10:37:55.706 信息 [main] org.apache.coyote.AbstractProtocol.init Initializing ProtocolHandler ["ajp-nio-8010"]
15-Feb-2019 10:37:55.706 信息 [main] org.apache.tomcat.util.net.NioSelectorPool.getSharedSelector Using a shared selector for servlet write/read
15-Feb-2019 10:37:55.706 信息 [main] org.apache.catalina.startup.Catalina.load Initialization processed in 1058 ms
15-Feb-2019 10:37:55.761 信息 [main] org.apache.catalina.core.StandardService.startInternal Starting service [Catalina]
15-Feb-2019 10:37:55.761 信息 [main] org.apache.catalina.core.StandardEngine.startInternal Starting Servlet Engine: Apache Tomcat/8.5.31
15-Feb-2019 10:37:55.792 信息 [localhost-startStop-1] org.apache.catalina.startup.HostConfig.deployDirectory Deploying web application directory [F:\TomcatTest\Nginx\apache-tomcat-81\webapps\ROOT]
15-Feb-2019 10:37:56.278 信息 [localhost-startStop-1] org.apache.catalina.startup.HostConfig.deployDirectory Deployment of web application directory [F:\TomcatTest\Nginx\apache-tomcat-81\webapps\ROOT] has finished in [486] ms
15-Feb-2019 10:37:56.281 信息 [main] org.apache.coyote.AbstractProtocol.start Starting ProtocolHandler ["http-nio-8081"]
15-Feb-2019 10:37:56.290 信息 [main] org.apache.coyote.AbstractProtocol.start Starting ProtocolHandler ["ajp-nio-8010"]
15-Feb-2019 10:37:56.293 信息 [main] org.apache.catalina.startup.Catalina.start Server startup in 574 ms
15-Feb-2019 11:01:13.531 警告 [main] org.apache.catalina.core.AprLifecycleListener.init The APR based Apache Tomcat Native library failed to load. The error reported was [F:\TomcatTest\Nginx\apache-tomcat-81\bin\tcnative-1.dll: Can't load AMD 64-bit .dll on a IA 32-bit platform]
 java.lang.UnsatisfiedLinkError: F:\TomcatTest\Nginx\apache-tomcat-81\bin\tcnative-1.dll: Can't load AMD 64-bit .dll on a IA 32-bit platform
	at java.lang.ClassLoader$NativeLibrary.load(Native Method)
	at java.lang.ClassLoader.loadLibrary0(ClassLoader.java:1941)
	at java.lang.ClassLoader.loadLibrary(ClassLoader.java:1857)
	at java.lang.Runtime.loadLibrary0(Runtime.java:870)
	at java.lang.System.loadLibrary(System.java:1122)
	at org.apache.tomcat.jni.Library.<init>(Library.java:42)
	at org.apache.tomcat.jni.Library.initialize(Library.java:178)
	at org.apache.catalina.core.AprLifecycleListener.init(AprLifecycleListener.java:198)
	at org.apache.catalina.core.AprLifecycleListener.isAprAvailable(AprLifecycleListener.java:107)
	at org.apache.catalina.connector.Connector.setProtocol(Connector.java:582)
	at org.apache.catalina.connector.Connector.<init>(Connector.java:74)
	at org.apache.catalina.startup.ConnectorCreateRule.begin(ConnectorCreateRule.java:64)
	at org.apache.tomcat.util.digester.Digester.startElement(Digester.java:1253)
	at com.sun.org.apache.xerces.internal.parsers.AbstractSAXParser.startElement(AbstractSAXParser.java:509)
	at com.sun.org.apache.xerces.internal.parsers.AbstractXMLDocumentParser.emptyElement(AbstractXMLDocumentParser.java:182)
	at com.sun.org.apache.xerces.internal.impl.XMLDocumentFragmentScannerImpl.scanStartElement(XMLDocumentFragmentScannerImpl.java:1339)
	at com.sun.org.apache.xerces.internal.impl.XMLDocumentFragmentScannerImpl$FragmentContentDriver.next(XMLDocumentFragmentScannerImpl.java:2784)
	at com.sun.org.apache.xerces.internal.impl.XMLDocumentScannerImpl.next(XMLDocumentScannerImpl.java:602)
	at com.sun.org.apache.xerces.internal.impl.XMLDocumentFragmentScannerImpl.scanDocument(XMLDocumentFragmentScannerImpl.java:505)
	at com.sun.org.apache.xerces.internal.parsers.XML11Configuration.parse(XML11Configuration.java:842)
	at com.sun.org.apache.xerces.internal.parsers.XML11Configuration.parse(XML11Configuration.java:771)
	at com.sun.org.apache.xerces.internal.parsers.XMLParser.parse(XMLParser.java:141)
	at com.sun.org.apache.xerces.internal.parsers.AbstractSAXParser.parse(AbstractSAXParser.java:1213)
	at com.sun.org.apache.xerces.internal.jaxp.SAXParserImpl$JAXPSAXParser.parse(SAXParserImpl.java:643)
	at org.apache.tomcat.util.digester.Digester.parse(Digester.java:1521)
	at org.apache.catalina.startup.Catalina.load(Catalina.java:604)
	at org.apache.catalina.startup.Catalina.load(Catalina.java:655)
	at sun.reflect.NativeMethodAccessorImpl.invoke0(Native Method)
	at sun.reflect.NativeMethodAccessorImpl.invoke(NativeMethodAccessorImpl.java:62)
	at sun.reflect.DelegatingMethodAccessorImpl.invoke(DelegatingMethodAccessorImpl.java:43)
	at java.lang.reflect.Method.invoke(Method.java:498)
	at org.apache.catalina.startup.Bootstrap.load(Bootstrap.java:309)
	at org.apache.catalina.startup.Bootstrap.main(Bootstrap.java:492)

15-Feb-2019 11:01:13.593 信息 [main] org.apache.catalina.startup.VersionLoggerListener.log Server version:        Apache Tomcat/8.5.31
15-Feb-2019 11:01:13.593 信息 [main] org.apache.catalina.startup.VersionLoggerListener.log Server built:          Apr 27 2018 20:24:25 UTC
15-Feb-2019 11:01:13.593 信息 [main] org.apache.catalina.startup.VersionLoggerListener.log Server number:         8.5.31.0
15-Feb-2019 11:01:13.609 信息 [main] org.apache.catalina.startup.VersionLoggerListener.log OS Name:               Windows 7
15-Feb-2019 11:01:13.609 信息 [main] org.apache.catalina.startup.VersionLoggerListener.log OS Version:            6.1
15-Feb-2019 11:01:13.609 信息 [main] org.apache.catalina.startup.VersionLoggerListener.log Architecture:          x86
15-Feb-2019 11:01:13.609 信息 [main] org.apache.catalina.startup.VersionLoggerListener.log Java Home:             C:\Program Files (x86)\Java\jdk1.8.0_181\jre
15-Feb-2019 11:01:13.609 信息 [main] org.apache.catalina.startup.VersionLoggerListener.log JVM Version:           1.8.0_181-b13
15-Feb-2019 11:01:13.609 信息 [main] org.apache.catalina.startup.VersionLoggerListener.log JVM Vendor:            Oracle Corporation
15-Feb-2019 11:01:13.609 信息 [main] org.apache.catalina.startup.VersionLoggerListener.log CATALINA_BASE:         F:\TomcatTest\Nginx\apache-tomcat-81
15-Feb-2019 11:01:13.609 信息 [main] org.apache.catalina.startup.VersionLoggerListener.log CATALINA_HOME:         F:\TomcatTest\Nginx\apache-tomcat-81
15-Feb-2019 11:01:13.609 信息 [main] org.apache.catalina.startup.VersionLoggerListener.log Command line argument: -Djava.util.logging.config.file=F:\TomcatTest\Nginx\apache-tomcat-81\conf\logging.properties
15-Feb-2019 11:01:13.609 信息 [main] org.apache.catalina.startup.VersionLoggerListener.log Command line argument: -Djava.util.logging.manager=org.apache.juli.ClassLoaderLogManager
15-Feb-2019 11:01:13.625 信息 [main] org.apache.catalina.startup.VersionLoggerListener.log Command line argument: -Djdk.tls.ephemeralDHKeySize=2048
15-Feb-2019 11:01:13.625 信息 [main] org.apache.catalina.startup.VersionLoggerListener.log Command line argument: -Djava.protocol.handler.pkgs=org.apache.catalina.webresources
15-Feb-2019 11:01:13.625 信息 [main] org.apache.catalina.startup.VersionLoggerListener.log Command line argument: -Dignore.endorsed.dirs=
15-Feb-2019 11:01:13.625 信息 [main] org.apache.catalina.startup.VersionLoggerListener.log Command line argument: -Dcatalina.base=F:\TomcatTest\Nginx\apache-tomcat-81
15-Feb-2019 11:01:13.625 信息 [main] org.apache.catalina.startup.VersionLoggerListener.log Command line argument: -Dcatalina.home=F:\TomcatTest\Nginx\apache-tomcat-81
15-Feb-2019 11:01:13.625 信息 [main] org.apache.catalina.startup.VersionLoggerListener.log Command line argument: -Djava.io.tmpdir=F:\TomcatTest\Nginx\apache-tomcat-81\temp
15-Feb-2019 11:01:13.703 信息 [main] org.apache.coyote.AbstractProtocol.init Initializing ProtocolHandler ["http-nio-8081"]
15-Feb-2019 11:01:13.800 信息 [main] org.apache.tomcat.util.net.NioSelectorPool.getSharedSelector Using a shared selector for servlet write/read
15-Feb-2019 11:01:13.805 信息 [main] org.apache.coyote.AbstractProtocol.init Initializing ProtocolHandler ["ajp-nio-8010"]
15-Feb-2019 11:01:13.807 信息 [main] org.apache.tomcat.util.net.NioSelectorPool.getSharedSelector Using a shared selector for servlet write/read
15-Feb-2019 11:01:13.808 信息 [main] org.apache.catalina.startup.Catalina.load Initialization processed in 437 ms
15-Feb-2019 11:01:13.823 信息 [main] org.apache.catalina.core.StandardService.startInternal Starting service [Catalina]
15-Feb-2019 11:01:13.823 信息 [main] org.apache.catalina.core.StandardEngine.startInternal Starting Servlet Engine: Apache Tomcat/8.5.31
15-Feb-2019 11:01:13.823 信息 [localhost-startStop-1] org.apache.catalina.startup.HostConfig.deployDirectory Deploying web application directory [F:\TomcatTest\Nginx\apache-tomcat-81\webapps\ROOT]
15-Feb-2019 11:01:14.043 信息 [localhost-startStop-1] org.apache.catalina.startup.HostConfig.deployDirectory Deployment of web application directory [F:\TomcatTest\Nginx\apache-tomcat-81\webapps\ROOT] has finished in [220] ms
15-Feb-2019 11:01:14.043 信息 [main] org.apache.coyote.AbstractProtocol.start Starting ProtocolHandler ["http-nio-8081"]
15-Feb-2019 11:01:14.043 信息 [main] org.apache.coyote.AbstractProtocol.start Starting ProtocolHandler ["ajp-nio-8010"]
15-Feb-2019 11:01:14.043 信息 [main] org.apache.catalina.startup.Catalina.start Server startup in 248 ms
15-Feb-2019 11:18:56.100 警告 [main] org.apache.catalina.core.AprLifecycleListener.init The APR based Apache Tomcat Native library failed to load. The error reported was [F:\TomcatTest\Nginx\apache-tomcat-81\bin\tcnative-1.dll: Can't load AMD 64-bit .dll on a IA 32-bit platform]
 java.lang.UnsatisfiedLinkError: F:\TomcatTest\Nginx\apache-tomcat-81\bin\tcnative-1.dll: Can't load AMD 64-bit .dll on a IA 32-bit platform
	at java.lang.ClassLoader$NativeLibrary.load(Native Method)
	at java.lang.ClassLoader.loadLibrary0(ClassLoader.java:1941)
	at java.lang.ClassLoader.loadLibrary(ClassLoader.java:1857)
	at java.lang.Runtime.loadLibrary0(Runtime.java:870)
	at java.lang.System.loadLibrary(System.java:1122)
	at org.apache.tomcat.jni.Library.<init>(Library.java:42)
	at org.apache.tomcat.jni.Library.initialize(Library.java:178)
	at org.apache.catalina.core.AprLifecycleListener.init(AprLifecycleListener.java:198)
	at org.apache.catalina.core.AprLifecycleListener.isAprAvailable(AprLifecycleListener.java:107)
	at org.apache.catalina.connector.Connector.setProtocol(Connector.java:582)
	at org.apache.catalina.connector.Connector.<init>(Connector.java:74)
	at org.apache.catalina.startup.ConnectorCreateRule.begin(ConnectorCreateRule.java:64)
	at org.apache.tomcat.util.digester.Digester.startElement(Digester.java:1253)
	at com.sun.org.apache.xerces.internal.parsers.AbstractSAXParser.startElement(AbstractSAXParser.java:509)
	at com.sun.org.apache.xerces.internal.parsers.AbstractXMLDocumentParser.emptyElement(AbstractXMLDocumentParser.java:182)
	at com.sun.org.apache.xerces.internal.impl.XMLDocumentFragmentScannerImpl.scanStartElement(XMLDocumentFragmentScannerImpl.java:1339)
	at com.sun.org.apache.xerces.internal.impl.XMLDocumentFragmentScannerImpl$FragmentContentDriver.next(XMLDocumentFragmentScannerImpl.java:2784)
	at com.sun.org.apache.xerces.internal.impl.XMLDocumentScannerImpl.next(XMLDocumentScannerImpl.java:602)
	at com.sun.org.apache.xerces.internal.impl.XMLDocumentFragmentScannerImpl.scanDocument(XMLDocumentFragmentScannerImpl.java:505)
	at com.sun.org.apache.xerces.internal.parsers.XML11Configuration.parse(XML11Configuration.java:842)
	at com.sun.org.apache.xerces.internal.parsers.XML11Configuration.parse(XML11Configuration.java:771)
	at com.sun.org.apache.xerces.internal.parsers.XMLParser.parse(XMLParser.java:141)
	at com.sun.org.apache.xerces.internal.parsers.AbstractSAXParser.parse(AbstractSAXParser.java:1213)
	at com.sun.org.apache.xerces.internal.jaxp.SAXParserImpl$JAXPSAXParser.parse(SAXParserImpl.java:643)
	at org.apache.tomcat.util.digester.Digester.parse(Digester.java:1521)
	at org.apache.catalina.startup.Catalina.load(Catalina.java:604)
	at org.apache.catalina.startup.Catalina.load(Catalina.java:655)
	at sun.reflect.NativeMethodAccessorImpl.invoke0(Native Method)
	at sun.reflect.NativeMethodAccessorImpl.invoke(NativeMethodAccessorImpl.java:62)
	at sun.reflect.DelegatingMethodAccessorImpl.invoke(DelegatingMethodAccessorImpl.java:43)
	at java.lang.reflect.Method.invoke(Method.java:498)
	at org.apache.catalina.startup.Bootstrap.load(Bootstrap.java:309)
	at org.apache.catalina.startup.Bootstrap.main(Bootstrap.java:492)

15-Feb-2019 11:18:56.146 信息 [main] org.apache.catalina.startup.VersionLoggerListener.log Server version:        Apache Tomcat/8.5.31
15-Feb-2019 11:18:56.146 信息 [main] org.apache.catalina.startup.VersionLoggerListener.log Server built:          Apr 27 2018 20:24:25 UTC
15-Feb-2019 11:18:56.162 信息 [main] org.apache.catalina.startup.VersionLoggerListener.log Server number:         8.5.31.0
15-Feb-2019 11:18:56.162 信息 [main] org.apache.catalina.startup.VersionLoggerListener.log OS Name:               Windows 7
15-Feb-2019 11:18:56.162 信息 [main] org.apache.catalina.startup.VersionLoggerListener.log OS Version:            6.1
15-Feb-2019 11:18:56.162 信息 [main] org.apache.catalina.startup.VersionLoggerListener.log Architecture:          x86
15-Feb-2019 11:18:56.162 信息 [main] org.apache.catalina.startup.VersionLoggerListener.log Java Home:             C:\Program Files (x86)\Java\jdk1.8.0_181\jre
15-Feb-2019 11:18:56.162 信息 [main] org.apache.catalina.startup.VersionLoggerListener.log JVM Version:           1.8.0_181-b13
15-Feb-2019 11:18:56.162 信息 [main] org.apache.catalina.startup.VersionLoggerListener.log JVM Vendor:            Oracle Corporation
15-Feb-2019 11:18:56.162 信息 [main] org.apache.catalina.startup.VersionLoggerListener.log CATALINA_BASE:         F:\TomcatTest\Nginx\apache-tomcat-81
15-Feb-2019 11:18:56.162 信息 [main] org.apache.catalina.startup.VersionLoggerListener.log CATALINA_HOME:         F:\TomcatTest\Nginx\apache-tomcat-81
15-Feb-2019 11:18:56.162 信息 [main] org.apache.catalina.startup.VersionLoggerListener.log Command line argument: -Djava.util.logging.config.file=F:\TomcatTest\Nginx\apache-tomcat-81\conf\logging.properties
15-Feb-2019 11:18:56.162 信息 [main] org.apache.catalina.startup.VersionLoggerListener.log Command line argument: -Djava.util.logging.manager=org.apache.juli.ClassLoaderLogManager
15-Feb-2019 11:18:56.162 信息 [main] org.apache.catalina.startup.VersionLoggerListener.log Command line argument: -Djdk.tls.ephemeralDHKeySize=2048
15-Feb-2019 11:18:56.162 信息 [main] org.apache.catalina.startup.VersionLoggerListener.log Command line argument: -Djava.protocol.handler.pkgs=org.apache.catalina.webresources
15-Feb-2019 11:18:56.162 信息 [main] org.apache.catalina.startup.VersionLoggerListener.log Command line argument: -Dignore.endorsed.dirs=
15-Feb-2019 11:18:56.178 信息 [main] org.apache.catalina.startup.VersionLoggerListener.log Command line argument: -Dcatalina.base=F:\TomcatTest\Nginx\apache-tomcat-81
15-Feb-2019 11:18:56.179 信息 [main] org.apache.catalina.startup.VersionLoggerListener.log Command line argument: -Dcatalina.home=F:\TomcatTest\Nginx\apache-tomcat-81
15-Feb-2019 11:18:56.180 信息 [main] org.apache.catalina.startup.VersionLoggerListener.log Command line argument: -Djava.io.tmpdir=F:\TomcatTest\Nginx\apache-tomcat-81\temp
15-Feb-2019 11:18:56.262 信息 [main] org.apache.coyote.AbstractProtocol.init Initializing ProtocolHandler ["http-nio-8081"]
15-Feb-2019 11:18:56.351 信息 [main] org.apache.tomcat.util.net.NioSelectorPool.getSharedSelector Using a shared selector for servlet write/read
15-Feb-2019 11:18:56.351 信息 [main] org.apache.coyote.AbstractProtocol.init Initializing ProtocolHandler ["ajp-nio-8010"]
15-Feb-2019 11:18:56.351 信息 [main] org.apache.tomcat.util.net.NioSelectorPool.getSharedSelector Using a shared selector for servlet write/read
15-Feb-2019 11:18:56.366 信息 [main] org.apache.catalina.startup.Catalina.load Initialization processed in 496 ms
15-Feb-2019 11:18:56.382 信息 [main] org.apache.catalina.core.StandardService.startInternal Starting service [Catalina]
15-Feb-2019 11:18:56.382 信息 [main] org.apache.catalina.core.StandardEngine.startInternal Starting Servlet Engine: Apache Tomcat/8.5.31
15-Feb-2019 11:18:56.382 信息 [localhost-startStop-1] org.apache.catalina.startup.HostConfig.deployDirectory Deploying web application directory [F:\TomcatTest\Nginx\apache-tomcat-81\webapps\ROOT]
15-Feb-2019 11:18:56.595 信息 [localhost-startStop-1] org.apache.catalina.startup.HostConfig.deployDirectory Deployment of web application directory [F:\TomcatTest\Nginx\apache-tomcat-81\webapps\ROOT] has finished in [213] ms
15-Feb-2019 11:18:56.595 信息 [main] org.apache.coyote.AbstractProtocol.start Starting ProtocolHandler ["http-nio-8081"]
15-Feb-2019 11:18:56.610 信息 [main] org.apache.coyote.AbstractProtocol.start Starting ProtocolHandler ["ajp-nio-8010"]
15-Feb-2019 11:18:56.610 信息 [main] org.apache.catalina.startup.Catalina.start Server startup in 250 ms
15-Feb-2019 11:49:04.915 警告 [main] org.apache.catalina.core.AprLifecycleListener.init The APR based Apache Tomcat Native library failed to load. The error reported was [F:\TomcatTest\Nginx\apache-tomcat-81\bin\tcnative-1.dll: Can't load AMD 64-bit .dll on a IA 32-bit platform]
 java.lang.UnsatisfiedLinkError: F:\TomcatTest\Nginx\apache-tomcat-81\bin\tcnative-1.dll: Can't load AMD 64-bit .dll on a IA 32-bit platform
	at java.lang.ClassLoader$NativeLibrary.load(Native Method)
	at java.lang.ClassLoader.loadLibrary0(ClassLoader.java:1941)
	at java.lang.ClassLoader.loadLibrary(ClassLoader.java:1857)
	at java.lang.Runtime.loadLibrary0(Runtime.java:870)
	at java.lang.System.loadLibrary(System.java:1122)
	at org.apache.tomcat.jni.Library.<init>(Library.java:42)
	at org.apache.tomcat.jni.Library.initialize(Library.java:178)
	at org.apache.catalina.core.AprLifecycleListener.init(AprLifecycleListener.java:198)
	at org.apache.catalina.core.AprLifecycleListener.isAprAvailable(AprLifecycleListener.java:107)
	at org.apache.catalina.connector.Connector.setProtocol(Connector.java:582)
	at org.apache.catalina.connector.Connector.<init>(Connector.java:74)
	at org.apache.catalina.startup.ConnectorCreateRule.begin(ConnectorCreateRule.java:64)
	at org.apache.tomcat.util.digester.Digester.startElement(Digester.java:1253)
	at com.sun.org.apache.xerces.internal.parsers.AbstractSAXParser.startElement(AbstractSAXParser.java:509)
	at com.sun.org.apache.xerces.internal.parsers.AbstractXMLDocumentParser.emptyElement(AbstractXMLDocumentParser.java:182)
	at com.sun.org.apache.xerces.internal.impl.XMLDocumentFragmentScannerImpl.scanStartElement(XMLDocumentFragmentScannerImpl.java:1339)
	at com.sun.org.apache.xerces.internal.impl.XMLDocumentFragmentScannerImpl$FragmentContentDriver.next(XMLDocumentFragmentScannerImpl.java:2784)
	at com.sun.org.apache.xerces.internal.impl.XMLDocumentScannerImpl.next(XMLDocumentScannerImpl.java:602)
	at com.sun.org.apache.xerces.internal.impl.XMLDocumentFragmentScannerImpl.scanDocument(XMLDocumentFragmentScannerImpl.java:505)
	at com.sun.org.apache.xerces.internal.parsers.XML11Configuration.parse(XML11Configuration.java:842)
	at com.sun.org.apache.xerces.internal.parsers.XML11Configuration.parse(XML11Configuration.java:771)
	at com.sun.org.apache.xerces.internal.parsers.XMLParser.parse(XMLParser.java:141)
	at com.sun.org.apache.xerces.internal.parsers.AbstractSAXParser.parse(AbstractSAXParser.java:1213)
	at com.sun.org.apache.xerces.internal.jaxp.SAXParserImpl$JAXPSAXParser.parse(SAXParserImpl.java:643)
	at org.apache.tomcat.util.digester.Digester.parse(Digester.java:1521)
	at org.apache.catalina.startup.Catalina.load(Catalina.java:604)
	at org.apache.catalina.startup.Catalina.load(Catalina.java:655)
	at sun.reflect.NativeMethodAccessorImpl.invoke0(Native Method)
	at sun.reflect.NativeMethodAccessorImpl.invoke(NativeMethodAccessorImpl.java:62)
	at sun.reflect.DelegatingMethodAccessorImpl.invoke(DelegatingMethodAccessorImpl.java:43)
	at java.lang.reflect.Method.invoke(Method.java:498)
	at org.apache.catalina.startup.Bootstrap.load(Bootstrap.java:309)
	at org.apache.catalina.startup.Bootstrap.main(Bootstrap.java:492)

15-Feb-2019 11:49:05.581 信息 [main] org.apache.catalina.startup.VersionLoggerListener.log Server version:        Apache Tomcat/8.5.31
15-Feb-2019 11:49:05.582 信息 [main] org.apache.catalina.startup.VersionLoggerListener.log Server built:          Apr 27 2018 20:24:25 UTC
15-Feb-2019 11:49:05.583 信息 [main] org.apache.catalina.startup.VersionLoggerListener.log Server number:         8.5.31.0
15-Feb-2019 11:49:05.584 信息 [main] org.apache.catalina.startup.VersionLoggerListener.log OS Name:               Windows 7
15-Feb-2019 11:49:05.585 信息 [main] org.apache.catalina.startup.VersionLoggerListener.log OS Version:            6.1
15-Feb-2019 11:49:05.586 信息 [main] org.apache.catalina.startup.VersionLoggerListener.log Architecture:          x86
15-Feb-2019 11:49:05.587 信息 [main] org.apache.catalina.startup.VersionLoggerListener.log Java Home:             C:\Program Files (x86)\Java\jdk1.8.0_181\jre
15-Feb-2019 11:49:05.588 信息 [main] org.apache.catalina.startup.VersionLoggerListener.log JVM Version:           1.8.0_181-b13
15-Feb-2019 11:49:05.589 信息 [main] org.apache.catalina.startup.VersionLoggerListener.log JVM Vendor:            Oracle Corporation
15-Feb-2019 11:49:05.589 信息 [main] org.apache.catalina.startup.VersionLoggerListener.log CATALINA_BASE:         F:\TomcatTest\Nginx\apache-tomcat-81
15-Feb-2019 11:49:05.590 信息 [main] org.apache.catalina.startup.VersionLoggerListener.log CATALINA_HOME:         F:\TomcatTest\Nginx\apache-tomcat-81
15-Feb-2019 11:49:05.594 信息 [main] org.apache.catalina.startup.VersionLoggerListener.log Command line argument: -Djava.util.logging.config.file=F:\TomcatTest\Nginx\apache-tomcat-81\conf\logging.properties
15-Feb-2019 11:49:05.595 信息 [main] org.apache.catalina.startup.VersionLoggerListener.log Command line argument: -Djava.util.logging.manager=org.apache.juli.ClassLoaderLogManager
15-Feb-2019 11:49:05.598 信息 [main] org.apache.catalina.startup.VersionLoggerListener.log Command line argument: -Djdk.tls.ephemeralDHKeySize=2048
15-Feb-2019 11:49:05.598 信息 [main] org.apache.catalina.startup.VersionLoggerListener.log Command line argument: -Djava.protocol.handler.pkgs=org.apache.catalina.webresources
15-Feb-2019 11:49:05.599 信息 [main] org.apache.catalina.startup.VersionLoggerListener.log Command line argument: -Dignore.endorsed.dirs=
15-Feb-2019 11:49:05.600 信息 [main] org.apache.catalina.startup.VersionLoggerListener.log Command line argument: -Dcatalina.base=F:\TomcatTest\Nginx\apache-tomcat-81
15-Feb-2019 11:49:05.601 信息 [main] org.apache.catalina.startup.VersionLoggerListener.log Command line argument: -Dcatalina.home=F:\TomcatTest\Nginx\apache-tomcat-81
15-Feb-2019 11:49:05.602 信息 [main] org.apache.catalina.startup.VersionLoggerListener.log Command line argument: -Djava.io.tmpdir=F:\TomcatTest\Nginx\apache-tomcat-81\temp
15-Feb-2019 11:49:05.972 信息 [main] org.apache.coyote.AbstractProtocol.init Initializing ProtocolHandler ["http-nio-8081"]
15-Feb-2019 11:49:06.147 信息 [main] org.apache.tomcat.util.net.NioSelectorPool.getSharedSelector Using a shared selector for servlet write/read
15-Feb-2019 11:49:06.153 信息 [main] org.apache.coyote.AbstractProtocol.init Initializing ProtocolHandler ["ajp-nio-8010"]
15-Feb-2019 11:49:06.155 信息 [main] org.apache.tomcat.util.net.NioSelectorPool.getSharedSelector Using a shared selector for servlet write/read
15-Feb-2019 11:49:06.156 信息 [main] org.apache.catalina.startup.Catalina.load Initialization processed in 2722 ms
15-Feb-2019 11:49:06.234 信息 [main] org.apache.catalina.core.StandardService.startInternal Starting service [Catalina]
15-Feb-2019 11:49:06.238 信息 [main] org.apache.catalina.core.StandardEngine.startInternal Starting Servlet Engine: Apache Tomcat/8.5.31
15-Feb-2019 11:49:06.321 信息 [localhost-startStop-1] org.apache.catalina.startup.HostConfig.deployDirectory Deploying web application directory [F:\TomcatTest\Nginx\apache-tomcat-81\webapps\ROOT]
15-Feb-2019 11:49:07.191 信息 [localhost-startStop-1] org.apache.catalina.startup.HostConfig.deployDirectory Deployment of web application directory [F:\TomcatTest\Nginx\apache-tomcat-81\webapps\ROOT] has finished in [870] ms
15-Feb-2019 11:49:07.195 信息 [main] org.apache.coyote.AbstractProtocol.start Starting ProtocolHandler ["http-nio-8081"]
15-Feb-2019 11:49:07.202 信息 [main] org.apache.coyote.AbstractProtocol.start Starting ProtocolHandler ["ajp-nio-8010"]
15-Feb-2019 11:49:07.205 信息 [main] org.apache.catalina.startup.Catalina.start Server startup in 1047 ms
