18-Feb-2019 14:34:42.184 警告 [main] org.apache.catalina.core.AprLifecycleListener.init The APR based Apache Tomcat Native library failed to load. The error reported was [F:\TomcatTest\Nginx\apache-tomcat-82\bin\tcnative-1.dll: Can't load AMD 64-bit .dll on a IA 32-bit platform]
 java.lang.UnsatisfiedLinkError: F:\TomcatTest\Nginx\apache-tomcat-82\bin\tcnative-1.dll: Can't load AMD 64-bit .dll on a IA 32-bit platform
	at java.lang.ClassLoader$NativeLibrary.load(Native Method)
	at java.lang.ClassLoader.loadLibrary0(ClassLoader.java:1941)
	at java.lang.ClassLoader.loadLibrary(ClassLoader.java:1857)
	at java.lang.Runtime.loadLibrary0(Runtime.java:870)
	at java.lang.System.loadLibrary(System.java:1122)
	at org.apache.tomcat.jni.Library.<init>(Library.java:42)
	at org.apache.tomcat.jni.Library.initialize(Library.java:178)
	at org.apache.catalina.core.AprLifecycleListener.init(AprLifecycleListener.java:198)
	at org.apache.catalina.core.AprLifecycleListener.isAprAvailable(AprLifecycleListener.java:107)
	at org.apache.catalina.connector.Connector.setProtocol(Connector.java:582)
	at org.apache.catalina.connector.Connector.<init>(Connector.java:74)
	at org.apache.catalina.startup.ConnectorCreateRule.begin(ConnectorCreateRule.java:64)
	at org.apache.tomcat.util.digester.Digester.startElement(Digester.java:1253)
	at com.sun.org.apache.xerces.internal.parsers.AbstractSAXParser.startElement(AbstractSAXParser.java:509)
	at com.sun.org.apache.xerces.internal.parsers.AbstractXMLDocumentParser.emptyElement(AbstractXMLDocumentParser.java:182)
	at com.sun.org.apache.xerces.internal.impl.XMLDocumentFragmentScannerImpl.scanStartElement(XMLDocumentFragmentScannerImpl.java:1339)
	at com.sun.org.apache.xerces.internal.impl.XMLDocumentFragmentScannerImpl$FragmentContentDriver.next(XMLDocumentFragmentScannerImpl.java:2784)
	at com.sun.org.apache.xerces.internal.impl.XMLDocumentScannerImpl.next(XMLDocumentScannerImpl.java:602)
	at com.sun.org.apache.xerces.internal.impl.XMLDocumentFragmentScannerImpl.scanDocument(XMLDocumentFragmentScannerImpl.java:505)
	at com.sun.org.apache.xerces.internal.parsers.XML11Configuration.parse(XML11Configuration.java:842)
	at com.sun.org.apache.xerces.internal.parsers.XML11Configuration.parse(XML11Configuration.java:771)
	at com.sun.org.apache.xerces.internal.parsers.XMLParser.parse(XMLParser.java:141)
	at com.sun.org.apache.xerces.internal.parsers.AbstractSAXParser.parse(AbstractSAXParser.java:1213)
	at com.sun.org.apache.xerces.internal.jaxp.SAXParserImpl$JAXPSAXParser.parse(SAXParserImpl.java:643)
	at org.apache.tomcat.util.digester.Digester.parse(Digester.java:1521)
	at org.apache.catalina.startup.Catalina.load(Catalina.java:604)
	at org.apache.catalina.startup.Catalina.load(Catalina.java:655)
	at sun.reflect.NativeMethodAccessorImpl.invoke0(Native Method)
	at sun.reflect.NativeMethodAccessorImpl.invoke(NativeMethodAccessorImpl.java:62)
	at sun.reflect.DelegatingMethodAccessorImpl.invoke(DelegatingMethodAccessorImpl.java:43)
	at java.lang.reflect.Method.invoke(Method.java:498)
	at org.apache.catalina.startup.Bootstrap.load(Bootstrap.java:309)
	at org.apache.catalina.startup.Bootstrap.main(Bootstrap.java:492)

18-Feb-2019 14:34:42.725 信息 [main] org.apache.catalina.startup.VersionLoggerListener.log Server version:        Apache Tomcat/8.5.31
18-Feb-2019 14:34:42.727 信息 [main] org.apache.catalina.startup.VersionLoggerListener.log Server built:          Apr 27 2018 20:24:25 UTC
18-Feb-2019 14:34:42.730 信息 [main] org.apache.catalina.startup.VersionLoggerListener.log Server number:         8.5.31.0
18-Feb-2019 14:34:42.733 信息 [main] org.apache.catalina.startup.VersionLoggerListener.log OS Name:               Windows 7
18-Feb-2019 14:34:42.735 信息 [main] org.apache.catalina.startup.VersionLoggerListener.log OS Version:            6.1
18-Feb-2019 14:34:42.739 信息 [main] org.apache.catalina.startup.VersionLoggerListener.log Architecture:          x86
18-Feb-2019 14:34:42.741 信息 [main] org.apache.catalina.startup.VersionLoggerListener.log Java Home:             C:\Program Files (x86)\Java\jdk1.8.0_181\jre
18-Feb-2019 14:34:42.743 信息 [main] org.apache.catalina.startup.VersionLoggerListener.log JVM Version:           1.8.0_181-b13
18-Feb-2019 14:34:42.746 信息 [main] org.apache.catalina.startup.VersionLoggerListener.log JVM Vendor:            Oracle Corporation
18-Feb-2019 14:34:42.747 信息 [main] org.apache.catalina.startup.VersionLoggerListener.log CATALINA_BASE:         F:\TomcatTest\Nginx\apache-tomcat-82
18-Feb-2019 14:34:42.748 信息 [main] org.apache.catalina.startup.VersionLoggerListener.log CATALINA_HOME:         F:\TomcatTest\Nginx\apache-tomcat-82
18-Feb-2019 14:34:42.749 信息 [main] org.apache.catalina.startup.VersionLoggerListener.log Command line argument: -Djava.util.logging.config.file=F:\TomcatTest\Nginx\apache-tomcat-82\conf\logging.properties
18-Feb-2019 14:34:42.754 信息 [main] org.apache.catalina.startup.VersionLoggerListener.log Command line argument: -Djava.util.logging.manager=org.apache.juli.ClassLoaderLogManager
18-Feb-2019 14:34:42.755 信息 [main] org.apache.catalina.startup.VersionLoggerListener.log Command line argument: -Djdk.tls.ephemeralDHKeySize=2048
18-Feb-2019 14:34:42.756 信息 [main] org.apache.catalina.startup.VersionLoggerListener.log Command line argument: -Djava.protocol.handler.pkgs=org.apache.catalina.webresources
18-Feb-2019 14:34:42.757 信息 [main] org.apache.catalina.startup.VersionLoggerListener.log Command line argument: -Dignore.endorsed.dirs=
18-Feb-2019 14:34:42.758 信息 [main] org.apache.catalina.startup.VersionLoggerListener.log Command line argument: -Dcatalina.base=F:\TomcatTest\Nginx\apache-tomcat-82
18-Feb-2019 14:34:42.759 信息 [main] org.apache.catalina.startup.VersionLoggerListener.log Command line argument: -Dcatalina.home=F:\TomcatTest\Nginx\apache-tomcat-82
18-Feb-2019 14:34:42.760 信息 [main] org.apache.catalina.startup.VersionLoggerListener.log Command line argument: -Djava.io.tmpdir=F:\TomcatTest\Nginx\apache-tomcat-82\temp
18-Feb-2019 14:34:43.751 信息 [main] org.apache.coyote.AbstractProtocol.init Initializing ProtocolHandler ["http-nio-8082"]
18-Feb-2019 14:34:44.139 信息 [main] org.apache.tomcat.util.net.NioSelectorPool.getSharedSelector Using a shared selector for servlet write/read
18-Feb-2019 14:34:44.264 信息 [main] org.apache.coyote.AbstractProtocol.init Initializing ProtocolHandler ["ajp-nio-8009"]
18-Feb-2019 14:34:44.268 信息 [main] org.apache.tomcat.util.net.NioSelectorPool.getSharedSelector Using a shared selector for servlet write/read
18-Feb-2019 14:34:44.272 信息 [main] org.apache.catalina.startup.Catalina.load Initialization processed in 2797 ms
18-Feb-2019 14:34:44.520 信息 [main] org.apache.catalina.core.StandardService.startInternal Starting service [Catalina]
18-Feb-2019 14:34:44.523 信息 [main] org.apache.catalina.core.StandardEngine.startInternal Starting Servlet Engine: Apache Tomcat/8.5.31
18-Feb-2019 14:34:44.614 信息 [localhost-startStop-1] org.apache.catalina.startup.HostConfig.deployDirectory Deploying web application directory [F:\TomcatTest\Nginx\apache-tomcat-82\webapps\ROOT]
18-Feb-2019 14:34:47.125 信息 [localhost-startStop-1] org.apache.catalina.startup.HostConfig.deployDirectory Deployment of web application directory [F:\TomcatTest\Nginx\apache-tomcat-82\webapps\ROOT] has finished in [2,510] ms
18-Feb-2019 14:34:47.130 信息 [main] org.apache.coyote.AbstractProtocol.start Starting ProtocolHandler ["http-nio-8082"]
18-Feb-2019 14:34:47.138 信息 [main] org.apache.coyote.AbstractProtocol.start Starting ProtocolHandler ["ajp-nio-8009"]
18-Feb-2019 14:34:47.142 信息 [main] org.apache.catalina.startup.Catalina.start Server startup in 2867 ms
